<?xml version="1.0" encoding="UTF-8"?>
<!-- Generated by org.testng.reporters.JUnitReportReporter -->
<testsuite skipped="0" hostname="LAPTOP-NQLQBL88" name="CalculatorTest" tests="2" failures="0" timestamp="06 Apr 2019 15:20:00 GMT" time="0.009" errors="0">
  <testcase name="sumTest" time="0.000" classname="CalculatorTest"/>
  <testcase name="multiplyTest" time="0.009" classname="CalculatorTest"/>
</testsuite> <!-- CalculatorTest -->
